0 silly input [ 'bootstrap' ]
1 silly flags { _: [ 'bootstrap' ], sort: true, concurrency: 4 }
2 verbose rootPath /Users/furkantunali/Sites/backpack
3 info version 2.0.0-rc.5
4 silly existsSync /Users/furkantunali/Sites/backpack/VERSION
5 silly initialize attempt
6 silly initialize success
7 silly execute attempt
8 info Bootstrapping 2 packages
9 info lifecycle preinstall
10 silly runScript preinstall babel-preset-backpack-babel-7
11 silly babel-preset-backpack-babel-7
12 silly runScript preinstall backpack-core-babel-7
13 silly backpack-core-babel-7
14 silly hasMatchingDependency backpack-core-babel-7 babel-preset-backpack-babel-7
15 silly hasDependencyInstalled babel-preset-backpack-babel-7 @babel/core
16 silly dependencyIsSatisfied [ '@babel/core',
16 silly dependencyIsSatisfied   '^7.0.0-beta.37',
16 silly dependencyIsSatisfied   '/Users/furkantunali/Sites/backpack/packages/babel-preset-backpack/node_modules' ]
17 verbose dependencyIsSatisfied @babel/core false
18 silly hasDependencyInstalled backpack-core-babel-7 @babel/core
19 silly dependencyIsSatisfied [ '@babel/core',
19 silly dependencyIsSatisfied   '^7.0.0-beta.37',
19 silly dependencyIsSatisfied   '/Users/furkantunali/Sites/backpack/packages/backpack-core/node_modules' ]
20 verbose dependencyIsSatisfied @babel/core false
21 silly hasDependencyInstalled babel-preset-backpack-babel-7 @babel/plugin-proposal-class-properties
22 silly dependencyIsSatisfied [ '@babel/plugin-proposal-class-properties',
22 silly dependencyIsSatisfied   '^7.0.0-beta.37',
22 silly dependencyIsSatisfied   '/Users/furkantunali/Sites/backpack/packages/babel-preset-backpack/node_modules' ]
23 verbose dependencyIsSatisfied @babel/plugin-proposal-class-properties false
24 silly hasDependencyInstalled babel-preset-backpack-babel-7 @babel/plugin-proposal-object-rest-spread
25 silly dependencyIsSatisfied [ '@babel/plugin-proposal-object-rest-spread',
25 silly dependencyIsSatisfied   '^7.0.0-beta.37',
25 silly dependencyIsSatisfied   '/Users/furkantunali/Sites/backpack/packages/babel-preset-backpack/node_modules' ]
26 verbose dependencyIsSatisfied @babel/plugin-proposal-object-rest-spread false
27 silly hasDependencyInstalled babel-preset-backpack-babel-7 @babel/plugin-transform-modules-commonjs
28 silly dependencyIsSatisfied [ '@babel/plugin-transform-modules-commonjs',
28 silly dependencyIsSatisfied   '^7.0.0-beta.37',
28 silly dependencyIsSatisfied   '/Users/furkantunali/Sites/backpack/packages/babel-preset-backpack/node_modules' ]
29 verbose dependencyIsSatisfied @babel/plugin-transform-modules-commonjs false
30 silly hasDependencyInstalled babel-preset-backpack-babel-7 @babel/plugin-transform-parameters
31 silly dependencyIsSatisfied [ '@babel/plugin-transform-parameters',
31 silly dependencyIsSatisfied   '^7.0.0-beta.37',
31 silly dependencyIsSatisfied   '/Users/furkantunali/Sites/backpack/packages/babel-preset-backpack/node_modules' ]
32 verbose dependencyIsSatisfied @babel/plugin-transform-parameters false
33 silly hasDependencyInstalled babel-preset-backpack-babel-7 @babel/plugin-transform-regenerator
34 silly dependencyIsSatisfied [ '@babel/plugin-transform-regenerator',
34 silly dependencyIsSatisfied   '^7.0.0-beta.37',
34 silly dependencyIsSatisfied   '/Users/furkantunali/Sites/backpack/packages/babel-preset-backpack/node_modules' ]
35 verbose dependencyIsSatisfied @babel/plugin-transform-regenerator false
36 silly hasDependencyInstalled babel-preset-backpack-babel-7 @babel/plugin-transform-runtime
37 silly dependencyIsSatisfied [ '@babel/plugin-transform-runtime',
37 silly dependencyIsSatisfied   '^7.0.0-beta.37',
37 silly dependencyIsSatisfied   '/Users/furkantunali/Sites/backpack/packages/babel-preset-backpack/node_modules' ]
38 verbose dependencyIsSatisfied @babel/plugin-transform-runtime false
39 silly hasDependencyInstalled babel-preset-backpack-babel-7 @babel/preset-env
40 silly dependencyIsSatisfied [ '@babel/preset-env',
40 silly dependencyIsSatisfied   '^7.0.0-beta.37',
40 silly dependencyIsSatisfied   '/Users/furkantunali/Sites/backpack/packages/babel-preset-backpack/node_modules' ]
41 verbose dependencyIsSatisfied @babel/preset-env false
42 silly hasDependencyInstalled babel-preset-backpack-babel-7 @babel/runtime
43 silly dependencyIsSatisfied [ '@babel/runtime',
43 silly dependencyIsSatisfied   '^7.0.0-beta.37',
43 silly dependencyIsSatisfied   '/Users/furkantunali/Sites/backpack/packages/babel-preset-backpack/node_modules' ]
44 verbose dependencyIsSatisfied @babel/runtime false
45 silly hasDependencyInstalled backpack-core-babel-7 babel-core
46 silly dependencyIsSatisfied [ 'babel-core',
46 silly dependencyIsSatisfied   '^7.0.0-bridge.0',
46 silly dependencyIsSatisfied   '/Users/furkantunali/Sites/backpack/packages/backpack-core/node_modules' ]
47 verbose dependencyIsSatisfied babel-core true
48 silly hasDependencyInstalled backpack-core-babel-7 babel-loader
49 silly dependencyIsSatisfied [ 'babel-loader',
49 silly dependencyIsSatisfied   '^8.0.0-beta.0',
49 silly dependencyIsSatisfied   '/Users/furkantunali/Sites/backpack/packages/backpack-core/node_modules' ]
50 verbose dependencyIsSatisfied babel-loader false
51 silly hasDependencyInstalled backpack-core-babel-7 cross-spawn
52 silly dependencyIsSatisfied [ 'cross-spawn',
52 silly dependencyIsSatisfied   '^5.0.1',
52 silly dependencyIsSatisfied   '/Users/furkantunali/Sites/backpack/packages/backpack-core/node_modules' ]
53 verbose dependencyIsSatisfied cross-spawn false
54 silly hasDependencyInstalled backpack-core-babel-7 friendly-errors-webpack-plugin
55 silly dependencyIsSatisfied [ 'friendly-errors-webpack-plugin',
55 silly dependencyIsSatisfied   '^1.6.1',
55 silly dependencyIsSatisfied   '/Users/furkantunali/Sites/backpack/packages/backpack-core/node_modules' ]
56 verbose dependencyIsSatisfied friendly-errors-webpack-plugin false
57 silly hasDependencyInstalled backpack-core-babel-7 nodemon
58 silly dependencyIsSatisfied [ 'nodemon',
58 silly dependencyIsSatisfied   '^1.11.0',
58 silly dependencyIsSatisfied   '/Users/furkantunali/Sites/backpack/packages/backpack-core/node_modules' ]
59 verbose dependencyIsSatisfied nodemon false
60 silly hasDependencyInstalled backpack-core-babel-7 ramda
61 silly dependencyIsSatisfied [ 'ramda',
61 silly dependencyIsSatisfied   '^0.23.0',
61 silly dependencyIsSatisfied   '/Users/furkantunali/Sites/backpack/packages/backpack-core/node_modules' ]
62 verbose dependencyIsSatisfied ramda false
63 silly hasDependencyInstalled backpack-core-babel-7 source-map-support
64 silly dependencyIsSatisfied [ 'source-map-support',
64 silly dependencyIsSatisfied   '^0.4.15',
64 silly dependencyIsSatisfied   '/Users/furkantunali/Sites/backpack/packages/backpack-core/node_modules' ]
65 verbose dependencyIsSatisfied source-map-support false
66 silly hasDependencyInstalled backpack-core-babel-7 webpack
67 silly dependencyIsSatisfied [ 'webpack',
67 silly dependencyIsSatisfied   '^3.0.0',
67 silly dependencyIsSatisfied   '/Users/furkantunali/Sites/backpack/packages/backpack-core/node_modules' ]
68 verbose dependencyIsSatisfied webpack false
69 silly hasDependencyInstalled backpack-core-babel-7 webpack-node-externals
70 silly dependencyIsSatisfied [ 'webpack-node-externals',
70 silly dependencyIsSatisfied   '^1.6.0',
70 silly dependencyIsSatisfied   '/Users/furkantunali/Sites/backpack/packages/backpack-core/node_modules' ]
71 verbose dependencyIsSatisfied webpack-node-externals false
72 silly root dependencies []
73 silly leaf dependencies {
73 silly leaf dependencies   "babel-preset-backpack-babel-7": [
73 silly leaf dependencies     {
73 silly leaf dependencies       "dependency": "@babel/core@^7.0.0-beta.37",
73 silly leaf dependencies       "isSatisfied": false
73 silly leaf dependencies     },
73 silly leaf dependencies     {
73 silly leaf dependencies       "dependency": "@babel/plugin-proposal-class-properties@^7.0.0-beta.37",
73 silly leaf dependencies       "isSatisfied": false
73 silly leaf dependencies     },
73 silly leaf dependencies     {
73 silly leaf dependencies       "dependency": "@babel/plugin-proposal-object-rest-spread@^7.0.0-beta.37",
73 silly leaf dependencies       "isSatisfied": false
73 silly leaf dependencies     },
73 silly leaf dependencies     {
73 silly leaf dependencies       "dependency": "@babel/plugin-transform-modules-commonjs@^7.0.0-beta.37",
73 silly leaf dependencies       "isSatisfied": false
73 silly leaf dependencies     },
73 silly leaf dependencies     {
73 silly leaf dependencies       "dependency": "@babel/plugin-transform-parameters@^7.0.0-beta.37",
73 silly leaf dependencies       "isSatisfied": false
73 silly leaf dependencies     },
73 silly leaf dependencies     {
73 silly leaf dependencies       "dependency": "@babel/plugin-transform-regenerator@^7.0.0-beta.37",
73 silly leaf dependencies       "isSatisfied": false
73 silly leaf dependencies     },
73 silly leaf dependencies     {
73 silly leaf dependencies       "dependency": "@babel/plugin-transform-runtime@^7.0.0-beta.37",
73 silly leaf dependencies       "isSatisfied": false
73 silly leaf dependencies     },
73 silly leaf dependencies     {
73 silly leaf dependencies       "dependency": "@babel/preset-env@^7.0.0-beta.37",
73 silly leaf dependencies       "isSatisfied": false
73 silly leaf dependencies     },
73 silly leaf dependencies     {
73 silly leaf dependencies       "dependency": "@babel/runtime@^7.0.0-beta.37",
73 silly leaf dependencies       "isSatisfied": false
73 silly leaf dependencies     }
73 silly leaf dependencies   ],
73 silly leaf dependencies   "backpack-core-babel-7": [
73 silly leaf dependencies     {
73 silly leaf dependencies       "dependency": "@babel/core@^7.0.0-beta.37",
73 silly leaf dependencies       "isSatisfied": false
73 silly leaf dependencies     },
73 silly leaf dependencies     {
73 silly leaf dependencies       "dependency": "babel-core@^7.0.0-bridge.0",
73 silly leaf dependencies       "isSatisfied": true
73 silly leaf dependencies     },
73 silly leaf dependencies     {
73 silly leaf dependencies       "dependency": "babel-loader@^8.0.0-beta.0",
73 silly leaf dependencies       "isSatisfied": false
73 silly leaf dependencies     },
73 silly leaf dependencies     {
73 silly leaf dependencies       "dependency": "cross-spawn@^5.0.1",
73 silly leaf dependencies       "isSatisfied": false
73 silly leaf dependencies     },
73 silly leaf dependencies     {
73 silly leaf dependencies       "dependency": "friendly-errors-webpack-plugin@^1.6.1",
73 silly leaf dependencies       "isSatisfied": false
73 silly leaf dependencies     },
73 silly leaf dependencies     {
73 silly leaf dependencies       "dependency": "nodemon@^1.11.0",
73 silly leaf dependencies       "isSatisfied": false
73 silly leaf dependencies     },
73 silly leaf dependencies     {
73 silly leaf dependencies       "dependency": "ramda@^0.23.0",
73 silly leaf dependencies       "isSatisfied": false
73 silly leaf dependencies     },
73 silly leaf dependencies     {
73 silly leaf dependencies       "dependency": "source-map-support@^0.4.15",
73 silly leaf dependencies       "isSatisfied": false
73 silly leaf dependencies     },
73 silly leaf dependencies     {
73 silly leaf dependencies       "dependency": "webpack@^3.0.0",
73 silly leaf dependencies       "isSatisfied": false
73 silly leaf dependencies     },
73 silly leaf dependencies     {
73 silly leaf dependencies       "dependency": "webpack-node-externals@^1.6.0",
73 silly leaf dependencies       "isSatisfied": false
73 silly leaf dependencies     }
73 silly leaf dependencies   ]
73 silly leaf dependencies }
74 info Installing external dependencies
75 verbose actions 2 actions, concurrency 4
76 silly installInDir babel-preset-backpack [ '@babel/core@^7.0.0-beta.37',
76 silly installInDir   '@babel/plugin-proposal-class-properties@^7.0.0-beta.37',
76 silly installInDir   '@babel/plugin-proposal-object-rest-spread@^7.0.0-beta.37',
76 silly installInDir   '@babel/plugin-transform-modules-commonjs@^7.0.0-beta.37',
76 silly installInDir   '@babel/plugin-transform-parameters@^7.0.0-beta.37',
76 silly installInDir   '@babel/plugin-transform-regenerator@^7.0.0-beta.37',
76 silly installInDir   '@babel/plugin-transform-runtime@^7.0.0-beta.37',
76 silly installInDir   '@babel/preset-env@^7.0.0-beta.37',
76 silly installInDir   '@babel/runtime@^7.0.0-beta.37' ]
77 silly installInDir backup /Users/furkantunali/Sites/backpack/packages/babel-preset-backpack/package.json
78 silly rename [ '/Users/furkantunali/Sites/backpack/packages/babel-preset-backpack/package.json',
78 silly rename   '/Users/furkantunali/Sites/backpack/packages/babel-preset-backpack/package.json.lerna_backup' ]
79 silly installInDir backpack-core [ '@babel/core@^7.0.0-beta.37',
79 silly installInDir   'babel-core@^7.0.0-bridge.0',
79 silly installInDir   'babel-loader@^8.0.0-beta.0',
79 silly installInDir   'cross-spawn@^5.0.1',
79 silly installInDir   'friendly-errors-webpack-plugin@^1.6.1',
79 silly installInDir   'nodemon@^1.11.0',
79 silly installInDir   'ramda@^0.23.0',
79 silly installInDir   'source-map-support@^0.4.15',
79 silly installInDir   'webpack@^3.0.0',
79 silly installInDir   'webpack-node-externals@^1.6.0' ]
80 silly installInDir backup /Users/furkantunali/Sites/backpack/packages/backpack-core/package.json
81 silly rename [ '/Users/furkantunali/Sites/backpack/packages/backpack-core/package.json',
81 silly rename   '/Users/furkantunali/Sites/backpack/packages/backpack-core/package.json.lerna_backup' ]
82 silly installInDir writing tempJson { dependencies:
82 silly installInDir    { '@babel/core': '^7.0.0-beta.37',
82 silly installInDir      '@babel/plugin-proposal-class-properties': '^7.0.0-beta.37',
82 silly installInDir      '@babel/plugin-proposal-object-rest-spread': '^7.0.0-beta.37',
82 silly installInDir      '@babel/plugin-transform-modules-commonjs': '^7.0.0-beta.37',
82 silly installInDir      '@babel/plugin-transform-parameters': '^7.0.0-beta.37',
82 silly installInDir      '@babel/plugin-transform-regenerator': '^7.0.0-beta.37',
82 silly installInDir      '@babel/plugin-transform-runtime': '^7.0.0-beta.37',
82 silly installInDir      '@babel/preset-env': '^7.0.0-beta.37',
82 silly installInDir      '@babel/runtime': '^7.0.0-beta.37' } }
83 silly installInDir writing tempJson { dependencies:
83 silly installInDir    { '@babel/core': '^7.0.0-beta.37',
83 silly installInDir      'babel-core': '^7.0.0-bridge.0',
83 silly installInDir      'babel-loader': '^8.0.0-beta.0',
83 silly installInDir      'cross-spawn': '^5.0.1',
83 silly installInDir      'friendly-errors-webpack-plugin': '^1.6.1',
83 silly installInDir      nodemon: '^1.11.0',
83 silly installInDir      ramda: '^0.23.0',
83 silly installInDir      'source-map-support': '^0.4.15',
83 silly installInDir      webpack: '^3.0.0',
83 silly installInDir      'webpack-node-externals': '^1.6.0' } }
84 silly getExecOpts { cwd: '/Users/furkantunali/Sites/backpack/packages/babel-preset-backpack' }
85 silly installInDir [ 'yarn', [ 'install', '--mutex', 'network:42424' ] ]
86 silly getExecOpts { cwd: '/Users/furkantunali/Sites/backpack/packages/backpack-core' }
87 silly installInDir [ 'yarn', [ 'install', '--mutex', 'network:42424' ] ]
88 silly installInDir cleanup /Users/furkantunali/Sites/backpack/packages/babel-preset-backpack/package.json
89 silly renameSync [ '/Users/furkantunali/Sites/backpack/packages/babel-preset-backpack/package.json.lerna_backup',
89 silly renameSync   '/Users/furkantunali/Sites/backpack/packages/babel-preset-backpack/package.json' ]
90 verbose installed leaf babel-preset-backpack-babel-7
91 error execute Error: Command failed: yarn install --mutex network:42424
91 error execute warning package.json: No license field
91 error execute warning Missing name in workspace at "/Users/furkantunali/Sites/backpack/packages/babel-preset-backpack", ignoring.
91 error execute warning Missing name in workspace at "/Users/furkantunali/Sites/backpack/packages/backpack-core", ignoring.
91 error execute error An unexpected error occurred: "https://registry.npmjs.org/backpack-core-babel-7/-/backpack-core-babel-7-0.6.0.tgz: ETIMEDOUT".
91 error execute yarn install v1.3.2
91 error execute [1/4] Resolving packages...
91 error execute [2/4] Fetching packages...
91 error execute info If you think this is a bug, please open a bug report with the information provided in "/Users/furkantunali/Sites/backpack/packages/babel-preset-backpack/yarn-error.log".
91 error execute info Visit https://yarnpkg.com/en/docs/cli/install for documentation about this command.
91 error execute
91 error execute     at Promise.all.then.arr (/Users/furkantunali/Sites/backpack/node_modules/execa/index.js:210:11)
91 error execute     at <anonymous>
91 error execute     at process._tickCallback (internal/process/next_tick.js:160:7)
91 error execute  callback with error
91 error execute  { Error: Command failed: yarn install --mutex network:42424
91 error execute warning package.json: No license field
91 error execute warning Missing name in workspace at "/Users/furkantunali/Sites/backpack/packages/babel-preset-backpack", ignoring.
91 error execute warning Missing name in workspace at "/Users/furkantunali/Sites/backpack/packages/backpack-core", ignoring.
91 error execute error An unexpected error occurred: "https://registry.npmjs.org/backpack-core-babel-7/-/backpack-core-babel-7-0.6.0.tgz: ETIMEDOUT".
91 error execute yarn install v1.3.2
91 error execute [1/4] Resolving packages...
91 error execute [2/4] Fetching packages...
91 error execute info If you think this is a bug, please open a bug report with the information provided in "/Users/furkantunali/Sites/backpack/packages/babel-preset-backpack/yarn-error.log".
91 error execute info Visit https://yarnpkg.com/en/docs/cli/install for documentation about this command.
91 error execute
91 error execute     at Promise.all.then.arr (/Users/furkantunali/Sites/backpack/node_modules/execa/index.js:210:11)
91 error execute     at <anonymous>
91 error execute     at process._tickCallback (internal/process/next_tick.js:160:7)
91 error execute   code: 1,
91 error execute   killed: false,
91 error execute   stdout: 'yarn install v1.3.2\n[1/4] Resolving packages...\n[2/4] Fetching packages...\ninfo If you think this is a bug, please open a bug report with the information provided in "/Users/furkantunali/Sites/backpack/packages/babel-preset-backpack/yarn-error.log".\ninfo Visit https://yarnpkg.com/en/docs/cli/install for documentation about this command.\n',
91 error execute   stderr: 'warning package.json: No license field\nwarning Missing name in workspace at "/Users/furkantunali/Sites/backpack/packages/babel-preset-backpack", ignoring.\nwarning Missing name in workspace at "/Users/furkantunali/Sites/backpack/packages/backpack-core", ignoring.\nerror An unexpected error occurred: "https://registry.npmjs.org/backpack-core-babel-7/-/backpack-core-babel-7-0.6.0.tgz: ETIMEDOUT".\n',
91 error execute   failed: true,
91 error execute   signal: null,
91 error execute   cmd: 'yarn install --mutex network:42424',
91 error execute   timedOut: false }
